0100000000000000
0100000011000001
0100000110000010
0100001001000011
0100001100000100
0100001111000101
0100010010000110
0100010101000111
0010011000000000
0010011010000001
0010011100000010
0010011110000011
0010100000000100
0010100010000101
0010100100000110
0010100110000111
0010101000001000
0010101010001001
0010101100001010
0010101110001011
1000110000000000
1000111001000001
1001000010000010
1001001011000011
0011010100001100
0011010110001101
0011011000001110
0011011010001111
0011011100010000
0011011110010001
0011100000010010
0011100010010011
