0011
1000
1101
0011
1000
1101
0011
1000
1101
0011
1000
1101
0001
0010
1000
0001
0010
1000
0011
0100
1000
0011
0100
1000
0100
1000
0100
1000
0101
1000
0101
1000
0110
1000
0110
1000
0111
1000
0111
1000
0000
1000
0000
1000
0000
1000
0111
1000
0000
0011
0100
0101
1000
1001
1010
1011
1100
0000
0011
0100
0101
1000
1001
1010
1011
1100
0000
0011
0100
0101
1000
1001
1010
1011
1100
0000
0011
0100
0101
1000
1001
1010
1011
1100
0000
1000
0000
1000
0000
1000
0000
1000
0000
1000
0000
1000
0000
1000
0000
1000
