8 8 8 8 8 8 8 8 8 8 8 8 8 8 8 8
8 8 8 8 8 8 8 8 8 8 8 8 8 8 8 8
8 8 8 8 8 8 8 8 8 8 8 8 8 8 8 8
8 8 8 8 8 8 8 8 8 8 8 8 8 8 8 8
8 8 8 8 8 8 8 8 8 8 8 8 8 8 8 8
8 8 8 8 8 8 8 8 8 8 8 8 8 8 8 8
8 8 8 8 8 8 8 8 8 8 8 8 8 8 8 8
8 8 8 8 8 8 8 8 8 8 8 8 8 8 8 8
8 8 8 8 8 8 8 8 8 8 8 8 8 8 8 8
8 8 8 8 8 8 8 8 8 8 8 8 8 8 8 8
8 8 8 8 8 8 8 8 8 8 8 8 8 8 8 8
8 8 8 8 8 8 8 8 8 8 8 8 8 8 8 8
8 8 8 8 8 8 8 8 8 8 8 8 8 8 8 8
8 8 8 8 8 8 8 8 8 8 8 8 8 8 8 8
8 8 8 8 8 8 8 8 8 8 8 8 8 8 8 8
8 8 8 8 8 8 8 8 8 8 8 8 8 8 8 8

8 8 8 8 8 8 8 8 8 8 8 8 8 8 8 8
8 8 8 8 8 8 8 8 8 8 8 8 8 8 8 8
8 8 8 8 8 8 8 8 8 8 8 8 8 8 8 8
8 8 8 8 8 8 8 8 8 8 8 8 8 8 8 8
8 8 8 8 8 8 8 8 8 8 8 8 8 8 8 8
8 8 8 8 8 8 8 8 8 8 8 8 8 8 8 8
8 8 8 8 8 8 8 8 8 8 8 8 8 8 8 8
8 8 8 8 8 8 8 8 8 8 8 8 8 8 8 8
2 2 2 2 2 8 8 8 8 8 8 8 8 8 8 8
2 2 2 2 2 2 8 8 8 8 8 8 8 8 8 8
8 8 8 8 2 2 2 8 8 8 8 8 8 8 8 8
8 8 8 8 8 2 2 2 8 8 8 8 8 8 8 8
8 8 8 8 8 8 2 2 8 8 8 8 8 8 8 8
8 8 8 8 8 8 2 2 8 8 8 8 8 8 8 8
8 8 8 8 8 8 2 2 8 8 8 8 8 8 8 8
8 8 8 8 8 8 2 2 8 8 8 8 8 8 8 8

8 8 8 8 8 8 8 8 8 8 8 8 8 8 8 8
8 8 8 8 8 8 8 8 8 8 8 8 8 8 8 8
8 8 8 8 8 8 8 8 8 8 8 8 8 8 8 8
8 8 8 8 8 8 8 8 8 8 8 8 8 8 8 8
8 8 8 8 8 8 8 8 8 8 8 8 8 8 8 8
8 8 8 8 8 8 8 8 8 8 8 8 8 8 8 8
2 2 2 2 2 2 2 8 8 8 8 8 8 8 8 8
2 2 2 2 2 2 2 2 8 8 8 8 8 8 8 8
8 8 8 8 8 8 2 2 2 8 8 8 8 8 8 8
8 8 8 8 8 8 8 2 2 2 8 8 8 8 8 8
8 8 8 8 8 8 8 8 2 2 8 8 8 8 8 8
8 8 8 8 8 8 8 8 2 2 8 8 8 8 8 8
8 8 8 8 8 8 8 8 2 2 8 8 8 8 8 8
8 8 8 8 8 8 8 8 2 2 8 8 8 8 8 8
8 8 8 8 8 8 8 8 2 2 8 8 8 8 8 8
8 8 8 8 8 8 8 8 2 2 8 8 8 8 8 8

8 8 8 8 8 8 2 2 8 8 8 8 8 8 8 8
8 8 8 8 8 8 2 2 8 8 8 8 8 8 8 8
8 8 8 8 8 8 2 2 8 8 8 8 8 8 8 8
8 8 8 8 8 8 2 2 8 8 8 8 8 8 8 8
8 8 8 8 8 8 2 2 8 8 8 8 8 8 8 8
8 8 8 8 8 8 2 2 8 8 8 8 8 8 8 8
8 8 8 8 8 8 2 2 8 8 8 8 8 8 8 8
8 8 8 8 8 8 2 2 8 8 8 8 8 8 8 8
8 8 8 8 8 8 2 2 8 8 8 8 8 8 8 8
8 8 8 8 8 8 2 2 8 8 8 8 8 8 8 8
8 8 8 8 8 8 2 2 8 8 8 8 8 8 8 8
8 8 8 8 8 8 2 2 8 8 8 8 8 8 8 8
8 8 8 8 8 8 2 2 8 8 8 8 8 8 8 8
8 8 8 8 8 8 2 2 8 8 8 8 8 8 8 8
8 8 8 8 8 8 2 2 8 8 8 8 8 8 8 8
8 8 8 8 8 8 2 2 8 8 8 8 8 8 8 8

8 8 8 8 8 8 8 8 8 8 8 8 8 8 8 8
8 8 8 8 8 8 8 8 8 8 8 8 8 8 8 8
8 8 8 8 8 8 8 8 8 8 8 8 8 8 8 8
8 8 8 8 8 8 8 8 8 8 8 8 8 8 8 8
8 8 8 8 8 8 8 8 8 8 8 8 8 8 8 8
8 8 8 8 8 8 8 8 8 8 8 8 8 8 8 8
8 8 8 8 8 8 1 1 1 1 8 8 8 8 8 8
8 8 8 8 8 8 1 1 1 1 8 8 8 8 8 8
8 8 8 8 8 8 1 1 1 1 8 8 8 8 8 8
8 8 8 8 8 8 1 1 1 1 8 8 8 8 8 8
8 8 8 8 8 8 8 8 8 8 8 8 8 8 8 8
8 8 8 8 8 8 8 8 8 8 8 8 8 8 8 8
8 8 8 8 8 8 8 8 8 8 8 8 8 8 8 8
8 8 8 8 8 8 8 8 8 8 8 8 8 8 8 8
8 8 8 8 8 8 8 8 8 8 8 8 8 8 8 8
8 8 8 8 8 8 8 8 8 8 8 8 8 8 8 8

8 8 8 8 8 1 1 1 1 1 1 8 8 8 8 8
8 8 8 1 1 1 1 1 1 1 1 1 1 8 8 8
8 8 1 1 1 1 1 1 1 1 1 1 1 1 8 8
8 1 1 1 1 1 1 1 1 1 1 1 1 1 1 8
8 1 1 1 1 1 1 1 1 1 1 1 1 1 1 8
1 1 1 1 1 1 1 1 1 1 1 1 1 1 1 1
1 1 1 1 1 1 1 1 1 1 1 1 1 1 1 1
1 1 1 1 1 1 1 1 1 1 1 1 1 1 1 1
1 1 1 1 1 1 1 1 1 1 1 1 1 1 1 1
1 1 1 1 1 1 1 1 1 1 1 1 1 1 1 1
1 1 1 1 1 1 1 1 1 1 1 1 1 1 1 1
8 1 1 1 1 1 1 1 1 1 1 1 1 1 1 8
8 1 1 1 1 1 1 1 1 1 1 1 1 1 1 8
8 8 1 1 1 1 1 1 1 1 1 1 1 1 8 8
8 8 8 1 1 1 1 1 1 1 1 1 1 8 8 8
8 8 8 8 8 1 1 1 1 1 1 8 8 8 8 8

2 2 8 8 8 8 2 2 8 8 8 8 8 8 8 8
2 2 8 8 8 8 2 2 8 8 8 8 8 8 8 8
2 2 8 8 8 8 2 2 8 8 8 8 8 8 8 8
2 2 8 8 8 8 2 2 8 8 8 8 8 8 8 8
2 2 8 8 8 8 2 2 8 8 8 8 8 8 8 8
2 2 8 8 8 8 2 2 8 8 8 8 8 8 8 8
2 2 8 8 8 8 2 2 8 8 8 8 8 8 8 8
2 2 8 8 8 8 2 2 8 8 8 8 8 8 8 8
2 2 8 8 8 8 2 2 8 8 8 8 8 8 8 8
2 2 8 8 8 8 2 2 8 8 8 8 8 8 8 8
2 2 8 8 8 8 2 2 8 8 8 8 8 8 8 8
2 2 8 8 8 8 2 2 8 8 8 8 8 8 8 8
2 2 8 8 8 8 2 2 8 8 8 8 8 8 8 8
2 2 8 8 8 8 2 2 8 8 8 8 8 8 8 8
2 2 8 8 8 8 2 2 8 8 8 8 8 8 8 8
2 2 8 8 8 8 2 2 8 8 8 8 8 8 8 8

8 8 8 8 8 8 8 8 8 8 8 8 8 8 8 8
8 8 8 8 8 8 8 8 8 8 8 8 8 8 8 8
8 8 8 8 8 8 8 8 8 8 8 8 8 8 8 8
8 8 8 8 8 8 8 8 8 8 8 8 8 8 8 8
8 8 8 8 8 8 8 8 8 8 8 8 8 8 8 8
8 8 8 8 8 8 8 8 8 8 8 8 8 8 8 8
8 8 8 8 8 8 8 8 8 8 8 8 8 8 8 8
8 8 8 8 8 8 8 8 8 8 8 8 8 8 8 8
2 2 2 2 2 2 2 2 8 8 8 8 8 8 8 8
2 2 2 2 2 2 2 2 8 8 8 8 8 8 8 8
8 8 8 8 8 8 2 2 8 8 8 8 8 8 8 8
8 8 8 8 8 8 2 2 8 8 8 8 8 8 8 8
8 8 8 8 8 8 2 2 8 8 8 8 8 8 8 8
8 8 8 8 8 8 2 2 8 8 8 8 8 8 8 8
2 2 8 8 8 8 2 2 8 8 8 8 8 8 8 8
2 2 8 8 8 8 2 2 8 8 8 8 8 8 8 8

8 8 8 8 8 8 8 8 8 8 8 8 8 8 8 8
8 8 8 8 8 8 8 8 8 8 8 8 8 8 8 8
8 8 8 8 8 8 8 8 8 8 8 8 8 8 8 8
8 8 8 8 8 8 8 8 8 8 8 8 8 8 8 8
8 8 8 8 8 8 8 8 8 8 8 8 8 8 8 8
8 8 8 8 8 8 8 8 8 8 8 8 8 8 8 8
8 8 8 8 8 8 8 8 8 8 8 8 8 8 8 8
8 8 8 8 8 8 8 8 8 8 8 8 8 8 8 8
2 2 2 2 2 2 2 2 2 2 2 2 2 2 2 2
2 2 2 2 2 2 2 2 2 2 2 2 2 2 2 2
8 8 8 8 8 8 8 8 8 8 8 8 8 8 2 2
8 8 8 8 8 8 8 8 8 8 8 8 8 8 2 2
8 8 8 8 8 8 8 8 8 8 8 8 8 8 2 2
8 8 8 8 8 8 8 8 8 8 8 8 8 8 2 2
2 2 2 2 2 2 2 2 2 2 2 2 2 2 2 2
2 2 2 2 2 2 2 2 2 2 2 2 2 2 2 2

8 8 8 8 8 8 8 8 8 8 8 8 8 8 8 8
8 8 8 8 8 8 8 8 8 8 8 8 8 8 8 8
8 8 8 8 8 8 8 8 8 8 8 8 8 8 8 8
8 8 8 8 8 8 8 8 8 8 8 8 8 8 8 8
8 8 8 8 8 8 8 8 8 8 8 8 8 8 8 8
8 8 8 8 8 8 8 8 8 8 8 8 8 8 8 8
8 8 8 8 8 8 8 8 8 8 8 8 8 8 8 8
8 8 8 8 8 8 8 8 8 8 8 8 8 8 8 8
8 8 8 8 8 8 8 8 8 8 8 8 8 8 8 8
8 8 8 8 8 8 8 8 8 8 8 8 8 8 8 8
6 6 6 6 6 6 6 6 6 6 6 6 6 6 6 6
6 6 6 6 6 6 6 6 6 6 6 6 6 6 6 6
6 6 6 6 6 6 6 6 6 6 6 6 6 6 6 6
6 6 6 6 6 6 6 6 6 6 6 6 6 6 6 6
8 8 8 8 8 8 8 8 8 8 8 8 8 8 8 8
8 8 8 8 8 8 8 8 8 8 8 8 8 8 8 8

8 8 8 8 8 8 8 8 8 8 8 8 8 8 8 8
8 8 8 8 8 8 8 8 8 8 8 8 8 8 8 8
8 8 8 8 8 8 8 8 8 8 8 8 8 8 8 8
8 8 8 8 8 8 8 8 8 8 8 8 8 8 8 8
8 8 8 8 8 8 8 8 8 8 8 8 8 8 8 8
8 8 8 8 8 8 8 8 8 8 8 8 8 8 8 8
8 8 8 8 8 8 8 8 8 8 8 8 8 8 8 8
8 8 8 8 8 8 8 8 8 8 8 8 8 8 8 8
2 2 2 2 2 2 2 2 2 2 2 2 2 2 2 2
2 2 2 2 2 2 2 2 2 2 2 2 2 2 2 2
2 2 8 8 8 8 8 8 8 8 8 8 8 8 8 8
2 2 8 8 8 8 8 8 8 8 8 8 8 8 8 8
2 2 8 8 8 8 8 8 8 8 8 8 8 8 8 8
2 2 8 8 8 8 8 8 8 8 8 8 8 8 8 8
2 2 2 2 2 2 2 2 2 2 2 2 2 2 2 2
2 2 2 2 2 2 2 2 2 2 2 2 2 2 2 2

8 8 8 8 8 8 8 8 8 8 8 8 8 8 8 8
8 8 8 8 8 8 8 8 8 8 8 8 8 8 8 8
8 8 8 8 0 0 0 0 0 0 8 8 8 8 8 8
8 8 0 0 8 8 8 8 8 8 0 8 8 8 8 8
8 8 0 8 8 8 8 8 8 8 0 0 8 8 8 8
8 8 0 8 8 8 8 8 8 8 8 0 8 8 8 8
8 8 0 8 8 8 8 8 8 8 0 8 8 8 8 8
8 8 0 8 8 0 0 0 0 0 8 8 8 8 8 8
8 8 0 8 0 0 8 8 8 8 8 8 8 8 8 8
8 8 0 8 0 0 8 8 8 8 8 8 8 8 8 8
8 8 0 8 8 8 0 0 8 8 8 8 8 8 8 8
8 8 0 8 8 8 8 8 0 8 8 8 8 8 8 8
8 8 0 8 8 8 8 8 8 0 8 8 8 8 8 8
8 8 0 8 8 8 8 8 8 8 0 0 8 8 8 8
8 8 0 8 8 8 8 8 8 8 8 8 0 8 8 8
8 8 8 8 8 8 8 8 8 8 8 8 8 8 8 8

8 8 8 8 8 8 8 8 8 8 8 8 8 8 8 8
8 8 8 8 8 8 8 8 8 8 8 8 8 8 8 8
8 8 8 8 8 8 8 8 8 8 8 8 8 8 8 8
8 8 8 8 8 8 8 8 8 8 8 8 8 8 8 8
8 8 8 8 8 8 8 8 8 8 8 8 8 8 8 8
8 8 8 8 8 8 8 8 8 8 8 8 8 8 8 8
8 8 8 8 8 8 8 8 8 8 8 8 8 8 8 8
8 8 8 8 8 0 0 0 0 0 0 8 8 8 8 8
8 8 8 8 8 0 8 8 8 0 0 8 8 8 8 8
8 8 0 0 0 0 0 0 0 8 8 8 8 8 8 8
8 8 8 8 8 0 8 8 8 8 8 8 8 8 8 8
8 8 8 8 8 8 0 8 8 8 8 8 8 8 8 8
8 8 8 8 8 8 0 0 0 0 0 8 8 8 8 8
8 8 8 8 8 8 8 8 8 8 8 0 0 8 8 8
8 8 8 8 8 8 8 8 8 8 8 8 8 8 8 8
8 8 8 8 8 8 8 8 8 8 8 8 8 8 8 8

8 8 8 8 8 8 8 8 8 8 8 8 8 8 8 8
8 8 8 8 8 8 8 8 8 8 8 8 8 8 8 8
8 8 8 8 8 8 8 8 8 8 8 8 8 8 8 8
8 8 8 8 8 8 8 8 8 8 8 8 8 8 8 8
8 8 8 8 8 8 8 8 8 8 8 8 8 8 8 8
8 8 8 8 8 8 8 8 8 8 8 8 8 8 8 8
8 8 8 8 8 8 8 8 8 8 8 8 8 8 8 8
8 8 8 8 8 8 8 8 8 8 8 8 8 8 8 8
8 8 8 8 8 8 8 0 0 0 0 0 0 8 8 8
8 8 8 8 8 8 0 8 8 0 0 8 8 8 8 8
8 8 8 8 8 8 0 8 8 0 8 0 8 8 8 8
8 8 8 8 8 8 0 8 8 0 8 0 0 8 8 8
8 8 8 8 8 8 0 8 0 8 8 8 0 8 8 8
8 8 8 8 8 8 0 8 0 8 8 8 8 0 8 8
8 8 8 8 8 8 0 0 0 8 8 8 8 8 8 8
8 8 8 8 8 8 8 8 8 8 8 8 8 8 8 8

8 8 8 8 8 8 8 8 8 8 8 8 8 8 8 8
8 8 8 8 8 8 8 8 8 8 8 8 8 8 8 8
8 8 8 8 8 8 8 0 8 8 8 8 8 8 8 8
8 8 8 8 8 8 8 0 0 8 8 8 8 8 8 8
8 8 8 8 8 8 8 0 0 8 8 8 8 8 8 8
8 8 8 8 8 8 8 0 0 8 8 8 8 8 8 8
8 8 8 8 8 8 8 8 0 8 8 8 8 8 8 8
8 8 8 8 8 8 0 0 0 8 8 8 8 8 8 8
8 8 8 8 8 0 0 0 0 8 8 8 8 8 8 8
8 8 8 8 8 0 8 0 0 0 8 8 8 8 8 8
8 8 8 8 8 0 8 0 8 0 8 8 8 8 8 8
8 8 8 8 8 0 0 0 8 8 8 8 8 8 8 8
8 8 8 8 8 8 8 8 8 8 8 8 8 8 8 8
8 8 8 8 8 8 8 8 8 8 8 8 8 8 8 8
8 8 8 8 8 8 8 8 8 8 8 8 8 8 8 8
8 8 8 8 8 8 8 8 8 8 8 8 8 8 8 8

8 8 8 8 8 8 8 8 8 8 8 8 8 8 8 8
8 8 8 8 8 8 8 8 8 8 8 8 8 8 8 8
8 8 8 8 8 8 8 8 8 8 8 8 8 8 8 8
8 8 8 8 8 8 8 8 8 8 8 8 8 8 8 8
8 8 8 8 8 8 8 8 8 8 8 8 8 8 8 8
8 8 8 8 8 8 8 8 8 8 8 8 8 8 8 8
8 8 8 8 8 8 8 8 8 8 8 8 8 8 8 8
8 8 8 8 8 8 8 8 8 8 8 8 8 8 8 8
8 8 8 8 8 8 8 8 8 8 8 8 8 8 8 8
8 8 8 8 8 8 8 0 0 8 8 8 8 8 8 8
8 8 8 8 8 8 8 0 8 8 8 0 8 8 8 8
8 8 8 8 8 8 8 0 0 8 0 0 8 8 8 8
8 8 8 8 8 8 8 8 0 0 0 0 8 8 8 8
8 8 8 8 8 8 8 8 8 8 8 0 8 8 8 8
8 8 8 8 8 8 8 8 8 8 0 0 8 8 8 8
8 8 8 8 8 8 8 8 0 0 0 8 8 8 8 8

8 8 8 8 8 0 0 0 0 0 0 8 8 8 8 8
8 8 8 0 0 0 0 0 0 0 0 0 0 8 8 8
8 8 0 0 0 0 0 0 0 0 0 0 0 0 8 8
8 0 0 0 0 0 0 0 0 0 0 0 0 0 0 8
8 0 0 0 0 0 0 0 0 0 0 0 0 0 0 8
0 0 0 0 0 0 0 0 0 0 0 0 0 0 0 0
0 0 0 0 0 0 0 0 0 0 0 0 0 0 0 0
0 0 0 0 0 0 0 0 0 0 0 0 0 0 0 0
0 0 0 0 0 0 0 0 0 0 0 0 0 0 0 0
0 0 0 0 0 0 0 0 0 0 0 0 0 0 0 0
0 0 0 0 0 0 0 0 0 0 0 0 0 0 0 0
8 0 0 0 0 0 0 0 0 0 0 0 0 0 0 8
8 0 0 0 0 0 0 0 0 0 0 0 0 0 0 8
8 8 0 0 0 0 0 0 0 0 0 0 0 0 8 8
8 8 8 0 0 0 0 0 0 0 0 0 0 8 8 8
8 8 8 8 8 0 0 0 0 0 0 8 8 8 8 8

8 8 8 8 8 0 0 0 0 0 0 8 8 8 8 8
8 8 8 0 0 0 0 0 0 0 0 0 0 8 8 8
8 8 0 0 0 0 0 0 0 0 0 0 0 0 8 8
8 0 0 0 0 0 0 0 0 0 0 0 0 0 0 8
8 8 8 0 0 0 0 0 0 0 0 0 0 0 0 8
8 8 8 8 8 0 0 0 0 0 0 0 0 0 0 0
8 8 8 8 8 8 8 0 0 0 0 0 0 0 0 0
8 8 8 8 8 8 8 8 8 0 0 0 0 0 0 0
8 8 8 8 8 8 8 8 8 0 0 0 0 0 0 0
8 8 8 8 8 8 8 0 0 0 0 0 0 0 0 0
8 8 8 8 8 0 0 0 0 0 0 0 0 0 0 0
8 8 8 0 0 0 0 0 0 0 0 0 0 0 0 8
8 0 0 0 0 0 0 0 0 0 0 0 0 0 0 8
8 8 0 0 0 0 0 0 0 0 0 0 0 0 8 8
8 8 8 0 0 0 0 0 0 0 0 0 0 8 8 8
8 8 8 8 8 0 0 0 0 0 0 8 8 8 8 8

8 8 8 8 8 0 0 0 0 0 0 8 8 8 8 8
8 8 8 0 0 0 0 0 0 0 0 0 0 8 8 8
8 8 8 8 0 0 0 0 0 0 0 0 0 0 8 8
8 8 8 8 8 0 0 0 0 0 0 0 0 0 0 8
8 8 8 8 8 8 0 0 0 0 0 0 0 0 0 8
8 8 8 8 8 8 8 0 0 0 0 0 0 0 0 0
8 8 8 8 8 8 8 8 0 0 0 0 0 0 0 0
8 8 8 8 8 8 8 8 8 0 0 0 0 0 0 0
8 8 8 8 8 8 8 8 8 0 0 0 0 0 0 0
8 8 8 8 8 8 8 8 0 0 0 0 0 0 0 0
8 8 8 8 8 8 8 0 0 0 0 0 0 0 0 0
8 8 8 8 8 8 0 0 0 0 0 0 0 0 0 8
8 8 8 8 8 0 0 0 0 0 0 0 0 0 0 8
8 8 8 8 0 0 0 0 0 0 0 0 0 0 8 8
8 8 8 0 0 0 0 0 0 0 0 0 0 8 8 8
8 8 8 8 8 0 0 0 0 0 0 8 8 8 8 8

8 8 8 8 8 8 8 8 8 8 8 8 8 8 8 8
8 8 8 8 8 8 8 8 8 8 8 8 8 8 8 8
8 8 8 8 8 8 8 8 8 8 8 8 8 8 8 8
8 8 8 8 8 8 8 8 8 8 8 8 8 8 8 8
8 7 7 7 8 8 8 7 7 8 8 8 7 7 8 8
7 8 8 8 7 8 7 8 8 7 8 7 8 8 7 8
8 8 8 8 7 8 7 8 8 7 8 7 8 8 7 8
8 8 8 7 8 8 7 8 8 7 8 7 8 8 7 8
8 8 7 8 8 8 7 8 8 7 8 7 8 8 7 8
8 7 8 8 8 8 7 8 8 7 8 7 8 8 7 8
7 7 7 7 7 8 8 7 7 8 8 8 7 7 8 8
8 8 8 8 8 8 8 8 8 8 8 8 8 8 8 8
8 8 8 8 8 8 8 8 8 8 8 8 8 8 8 8
8 8 8 8 8 8 8 8 8 8 8 8 8 8 8 8
8 8 8 8 8 8 8 8 8 8 8 8 8 8 8 8
8 8 8 8 8 8 8 8 8 8 8 8 8 8 8 8

8 8 8 8 8 8 8 8 8 8 8 8 8 8 8 8
8 8 8 8 8 8 8 8 8 8 8 8 8 8 8 8
8 8 8 8 8 8 8 8 8 8 8 8 8 8 8 8
8 8 8 8 8 8 8 8 8 8 8 8 8 8 8 8
8 8 8 8 8 8 8 8 8 8 8 8 8 8 8 8
8 8 8 8 8 8 8 8 8 8 8 8 8 8 8 8
8 8 8 8 8 8 8 8 8 8 8 8 8 8 8 8
8 8 8 8 8 8 8 8 8 8 8 8 8 8 8 8
8 8 8 8 8 8 8 8 8 8 8 8 8 8 8 8
8 8 8 8 8 8 8 8 8 8 8 8 8 8 8 8
8 8 8 8 8 8 8 8 8 8 8 8 8 8 8 8
8 8 8 8 8 8 8 8 8 8 8 8 8 8 8 8
8 8 8 8 8 8 8 8 8 8 8 8 8 8 8 8
8 8 8 8 8 8 8 8 8 8 8 8 8 8 8 8
8 8 8 8 8 8 8 8 8 8 8 8 8 8 8 8
8 8 8 8 8 8 8 8 8 8 8 8 8 8 8 8

8 8 8 8 8 8 8 8 8 8 8 8 8 8 8 8
8 8 8 8 8 8 8 8 8 8 8 8 8 8 8 8
8 8 8 8 8 8 8 8 8 8 8 8 8 8 8 8
8 8 8 8 8 8 8 8 8 8 8 8 8 8 8 8
8 8 8 8 8 8 8 8 8 8 8 8 8 8 8 8
8 8 8 8 8 8 8 8 8 8 8 8 8 8 8 8
8 8 8 8 8 8 8 8 8 8 8 8 8 8 8 8
8 8 8 8 8 8 8 8 8 8 8 8 8 8 8 8
8 8 8 8 8 8 8 8 8 8 8 8 8 8 8 8
8 8 8 8 8 8 8 8 8 8 8 8 8 8 8 8
8 8 8 8 8 8 8 8 8 8 8 8 8 8 8 8
8 8 8 8 8 8 8 8 8 8 8 8 8 8 8 8
8 8 8 8 8 8 8 8 8 8 8 8 8 8 8 8
8 8 8 8 8 8 8 8 8 8 8 8 8 8 8 8
8 8 8 8 8 8 8 8 8 8 8 8 8 8 8 8
8 8 8 8 8 8 8 8 8 8 8 8 8 8 8 8

8 8 8 8 8 8 8 8 8 8 8 8 8 8 8 8
8 8 8 8 8 8 8 8 8 8 8 8 8 8 8 8
8 8 8 8 8 8 8 8 8 8 8 8 8 8 8 8
8 8 8 8 8 8 8 8 8 8 8 8 8 8 8 8
8 8 8 8 8 8 8 8 8 8 8 8 8 8 8 8
8 8 8 8 8 8 8 8 8 8 8 8 8 8 8 8
8 8 8 8 8 8 8 8 8 8 8 8 8 8 8 8
8 8 8 8 8 8 8 8 8 8 8 8 8 8 8 8
8 8 8 8 8 8 8 8 8 8 8 8 8 8 8 8
8 8 8 8 8 8 8 8 8 8 8 8 8 8 8 8
8 8 8 8 8 8 8 8 8 8 8 8 8 8 8 8
8 8 8 8 8 8 8 8 8 8 8 8 8 8 8 8
8 8 8 8 8 8 8 8 8 8 8 8 8 8 8 8
8 8 8 8 8 8 8 8 8 8 8 8 8 8 8 8
8 8 8 8 8 8 8 8 8 8 8 8 8 8 8 8
8 8 8 8 8 8 8 8 8 8 8 8 8 8 8 8

8 8 8 8 8 8 8 8 8 8 8 8 8 8 8 8
8 8 8 8 8 8 8 8 8 8 8 8 8 8 8 8
8 8 8 8 8 8 8 8 8 8 8 8 8 8 8 8
8 8 8 8 8 8 8 8 8 8 8 8 8 8 8 8
8 8 8 8 8 8 8 8 8 8 8 8 8 8 8 8
8 8 8 8 8 8 8 8 8 8 8 8 8 8 8 8
8 8 8 8 8 8 8 8 8 8 8 8 8 8 8 8
8 8 8 8 8 8 8 8 8 8 8 8 8 8 8 8
8 8 8 8 8 8 8 8 8 8 8 8 8 8 8 8
8 8 8 8 8 8 8 8 8 8 8 8 8 8 8 8
8 8 8 8 8 8 8 8 8 8 8 8 8 8 8 8
8 8 8 8 8 8 8 8 8 8 8 8 8 8 8 8
8 8 8 8 8 8 8 8 8 8 8 8 8 8 8 8
8 8 8 8 8 8 8 8 8 8 8 8 8 8 8 8
8 8 8 8 8 8 8 8 8 8 8 8 8 8 8 8
8 8 8 8 8 8 8 8 8 8 8 8 8 8 8 8

8 8 8 8 8 8 8 8 8 8 8 8 8 8 8 8
8 8 8 8 8 8 8 8 8 8 8 8 8 8 8 8
8 8 8 8 8 8 8 8 8 8 8 8 8 8 8 8
8 8 8 8 8 8 8 8 8 8 8 8 8 8 8 8
8 8 8 8 8 8 8 8 8 8 8 8 8 8 8 8
8 8 8 8 8 8 8 8 8 8 8 8 8 8 8 8
8 8 8 8 8 8 8 8 8 8 8 8 8 8 8 8
8 8 8 8 8 8 8 8 8 8 8 8 8 8 8 8
8 8 8 8 8 8 8 8 8 8 8 8 8 8 8 8
8 8 8 8 8 8 8 8 8 8 8 8 8 8 8 8
8 8 8 8 8 8 8 8 8 8 8 8 8 8 8 8
8 8 8 8 8 8 8 8 8 8 8 8 8 8 8 8
8 8 8 8 8 8 8 8 8 8 8 8 8 8 8 8
8 8 8 8 8 8 8 8 8 8 8 8 8 8 8 8
8 8 8 8 8 8 8 8 8 8 8 8 8 8 8 8
8 8 8 8 8 8 8 8 8 8 8 8 8 8 8 8

8 8 8 8 8 8 8 8 8 8 8 8 8 8 8 8
8 8 8 8 8 8 8 8 8 8 8 8 8 8 8 8
8 8 8 8 8 8 8 8 8 8 8 8 8 8 8 8
8 8 8 8 8 8 8 8 8 8 8 8 8 8 8 8
8 8 8 8 8 8 8 8 8 8 8 8 8 8 8 8
8 8 8 8 8 8 8 8 8 8 8 8 8 8 8 8
8 8 8 8 8 8 8 8 8 8 8 8 8 8 8 8
8 8 8 8 8 8 8 8 8 8 8 8 8 8 8 8
3 3 3 3 3 8 8 8 8 8 8 8 8 8 8 8
3 3 3 3 3 3 8 8 8 8 8 8 8 8 8 8
8 8 8 8 3 3 3 8 8 8 8 8 8 8 8 8
8 8 8 8 8 3 3 3 8 8 8 8 8 8 8 8
8 8 8 8 8 8 3 3 8 8 8 8 8 8 8 8
8 8 8 8 8 8 3 3 8 8 8 8 8 8 8 8
8 8 8 8 8 8 3 3 8 8 8 8 8 8 8 8
8 8 8 8 8 8 3 3 8 8 8 8 8 8 8 8

8 8 8 8 8 8 8 8 8 8 8 8 8 8 8 8
8 8 8 8 8 8 8 8 8 8 8 8 8 8 8 8
8 8 8 8 8 8 8 8 8 8 8 8 8 8 8 8
8 8 8 8 8 8 8 8 8 8 8 8 8 8 8 8
8 8 8 8 8 8 8 8 8 8 8 8 8 8 8 8
8 8 8 8 8 8 8 8 8 8 8 8 8 8 8 8
3 3 3 3 3 3 3 8 8 8 8 8 8 8 8 8
3 3 3 3 3 3 3 3 8 8 8 8 8 8 8 8
8 8 8 8 8 8 3 3 3 8 8 8 8 8 8 8
8 8 8 8 8 8 8 3 3 3 8 8 8 8 8 8
8 8 8 8 8 8 8 8 3 3 8 8 8 8 8 8
8 8 8 8 8 8 8 8 3 3 8 8 8 8 8 8
8 8 8 8 8 8 8 8 3 3 8 8 8 8 8 8
8 8 8 8 8 8 8 8 3 3 8 8 8 8 8 8
8 8 8 8 8 8 8 8 3 3 8 8 8 8 8 8
8 8 8 8 8 8 8 8 3 3 8 8 8 8 8 8

8 8 8 8 8 8 3 3 8 8 8 8 8 8 8 8
8 8 8 8 8 8 3 3 8 8 8 8 8 8 8 8
8 8 8 8 8 8 3 3 8 8 8 8 8 8 8 8
8 8 8 8 8 8 3 3 8 8 8 8 8 8 8 8
8 8 8 8 8 8 3 3 8 8 8 8 8 8 8 8
8 8 8 8 8 8 3 3 8 8 8 8 8 8 8 8
8 8 8 8 8 8 3 3 8 8 8 8 8 8 8 8
8 8 8 8 8 8 3 3 8 8 8 8 8 8 8 8
8 8 8 8 8 8 3 3 8 8 8 8 8 8 8 8
8 8 8 8 8 8 3 3 8 8 8 8 8 8 8 8
8 8 8 8 8 8 3 3 8 8 8 8 8 8 8 8
8 8 8 8 8 8 3 3 8 8 8 8 8 8 8 8
8 8 8 8 8 8 3 3 8 8 8 8 8 8 8 8
8 8 8 8 8 8 3 3 8 8 8 8 8 8 8 8
8 8 8 8 8 8 3 3 8 8 8 8 8 8 8 8
8 8 8 8 8 8 3 3 8 8 8 8 8 8 8 8

8 8 8 8 8 8 8 8 8 8 8 8 8 8 8 8
8 8 8 8 8 8 8 8 8 8 8 8 8 8 8 8
8 8 8 8 8 8 8 8 8 8 8 8 8 8 8 8
8 8 8 8 8 8 8 8 8 8 8 8 8 8 8 8
8 8 8 8 8 8 8 8 8 8 8 8 8 8 8 8
8 8 8 8 8 8 8 8 8 8 8 8 8 8 8 8
8 8 8 8 8 8 1 1 1 1 8 8 8 8 8 8
8 8 8 8 8 8 1 1 1 1 8 8 8 8 8 8
8 8 8 8 8 8 1 1 1 1 8 8 8 8 8 8
8 8 8 8 8 8 1 1 1 1 8 8 8 8 8 8
8 8 8 8 8 8 8 8 8 8 8 8 8 8 8 8
8 8 8 8 8 8 8 8 8 8 8 8 8 8 8 8
8 8 8 8 8 8 8 8 8 8 8 8 8 8 8 8
8 8 8 8 8 8 8 8 8 8 8 8 8 8 8 8
8 8 8 8 8 8 8 8 8 8 8 8 8 8 8 8
8 8 8 8 8 8 8 8 8 8 8 8 8 8 8 8

8 8 8 8 8 1 1 1 1 1 1 8 8 8 8 8
8 8 8 1 1 1 1 1 1 1 1 1 1 8 8 8
8 8 1 1 1 1 1 1 1 1 1 1 1 1 8 8
8 1 1 1 1 1 1 1 1 1 1 1 1 1 1 8
8 1 1 1 1 1 1 1 1 1 1 1 1 1 1 8
1 1 1 1 1 1 1 1 1 1 1 1 1 1 1 1
1 1 1 1 1 1 1 1 1 1 1 1 1 1 1 1
1 1 1 1 1 1 1 1 1 1 1 1 1 1 1 1
1 1 1 1 1 1 1 1 1 1 1 1 1 1 1 1
1 1 1 1 1 1 1 1 1 1 1 1 1 1 1 1
1 1 1 1 1 1 1 1 1 1 1 1 1 1 1 1
8 1 1 1 1 1 1 1 1 1 1 1 1 1 1 8
8 1 1 1 1 1 1 1 1 1 1 1 1 1 1 8
8 8 1 1 1 1 1 1 1 1 1 1 1 1 8 8
8 8 8 1 1 1 1 1 1 1 1 1 1 8 8 8
8 8 8 8 8 1 1 1 1 1 1 8 8 8 8 8

3 3 8 8 8 8 3 3 8 8 8 8 8 8 8 8
3 3 8 8 8 8 3 3 8 8 8 8 8 8 8 8
3 3 8 8 8 8 3 3 8 8 8 8 8 8 8 8
3 3 8 8 8 8 3 3 8 8 8 8 8 8 8 8
3 3 8 8 8 8 3 3 8 8 8 8 8 8 8 8
3 3 8 8 8 8 3 3 8 8 8 8 8 8 8 8
3 3 8 8 8 8 3 3 8 8 8 8 8 8 8 8
3 3 8 8 8 8 3 3 8 8 8 8 8 8 8 8
3 3 8 8 8 8 3 3 8 8 8 8 8 8 8 8
3 3 8 8 8 8 3 3 8 8 8 8 8 8 8 8
3 3 8 8 8 8 3 3 8 8 8 8 8 8 8 8
3 3 8 8 8 8 3 3 8 8 8 8 8 8 8 8
3 3 8 8 8 8 3 3 8 8 8 8 8 8 8 8
3 3 8 8 8 8 3 3 8 8 8 8 8 8 8 8
3 3 8 8 8 8 3 3 8 8 8 8 8 8 8 8
3 3 8 8 8 8 3 3 8 8 8 8 8 8 8 8

8 8 8 8 8 8 8 8 8 8 8 8 8 8 8 8
8 8 8 8 8 8 8 8 8 8 8 8 8 8 8 8
8 8 8 8 8 8 8 8 8 8 8 8 8 8 8 8
8 8 8 8 8 8 8 8 8 8 8 8 8 8 8 8
8 8 8 8 8 8 8 8 8 8 8 8 8 8 8 8
8 8 8 8 8 8 8 8 8 8 8 8 8 8 8 8
8 8 8 8 8 8 8 8 8 8 8 8 8 8 8 8
8 8 8 8 8 8 8 8 8 8 8 8 8 8 8 8
3 3 3 3 3 3 3 3 8 8 8 8 8 8 8 8
3 3 3 3 3 3 3 3 8 8 8 8 8 8 8 8
8 8 8 8 8 8 3 3 8 8 8 8 8 8 8 8
8 8 8 8 8 8 3 3 8 8 8 8 8 8 8 8
8 8 8 8 8 8 3 3 8 8 8 8 8 8 8 8
8 8 8 8 8 8 3 3 8 8 8 8 8 8 8 8
3 3 8 8 8 8 3 3 8 8 8 8 8 8 8 8
3 3 8 8 8 8 3 3 8 8 8 8 8 8 8 8

8 8 8 8 8 8 8 8 8 8 8 8 8 8 8 8
8 8 8 8 8 8 8 8 8 8 8 8 8 8 8 8
8 8 8 8 8 8 8 8 8 8 8 8 8 8 8 8
8 8 8 8 8 8 8 8 8 8 8 8 8 8 8 8
8 8 8 8 8 8 8 8 8 8 8 8 8 8 8 8
8 8 8 8 8 8 8 8 8 8 8 8 8 8 8 8
8 8 8 8 8 8 8 8 8 8 8 8 8 8 8 8
8 8 8 8 8 8 8 8 8 8 8 8 8 8 8 8
3 3 3 3 3 3 3 3 8 8 8 8 8 8 8 8
3 3 3 3 3 3 3 3 8 8 8 8 8 8 8 8
8 8 8 8 8 8 3 3 6 6 6 6 6 6 6 6
8 8 8 8 8 8 3 3 6 6 6 6 6 6 6 6
8 8 8 8 8 8 3 3 6 6 6 6 6 6 6 6
8 8 8 8 8 8 3 3 6 6 6 6 6 6 6 6
3 3 3 3 3 3 3 3 8 8 8 8 8 8 8 8
3 3 3 3 3 3 3 3 8 8 8 8 8 8 8 8

8 8 8 8 8 8 8 8 8 8 8 8 8 8 8 8
8 8 8 8 8 8 8 8 8 8 8 8 8 8 8 8
8 8 8 8 8 8 8 8 8 8 8 8 8 8 8 8
8 8 8 8 8 8 8 8 8 8 8 8 8 8 8 8
8 8 8 8 8 8 8 8 8 8 8 8 8 8 8 8
8 8 8 8 8 8 8 8 8 8 8 8 8 8 8 8
8 8 8 8 8 8 8 8 8 8 8 8 8 8 8 8
8 8 8 8 8 8 8 8 8 8 8 8 8 8 8 8
8 8 8 8 8 8 8 8 8 8 8 8 8 8 8 8
8 8 8 8 8 8 8 8 8 8 8 8 8 8 8 8
6 6 6 6 6 6 6 6 6 6 6 6 6 6 6 6
6 6 6 6 6 6 6 6 6 6 6 6 6 6 6 6
6 6 6 6 6 6 6 6 6 6 6 6 6 6 6 6
6 6 6 6 6 6 6 6 6 6 6 6 6 6 6 6
8 8 8 8 8 8 8 8 8 8 8 8 8 8 8 8
8 8 8 8 8 8 8 8 8 8 8 8 8 8 8 8

8 8 8 8 8 8 8 8 8 8 8 8 8 8 8 8
8 8 8 8 8 8 8 8 8 8 8 8 8 8 8 8
8 8 8 8 8 8 8 8 8 8 8 8 8 8 8 8
8 8 8 8 8 8 8 8 8 8 8 8 8 8 8 8
8 8 8 8 8 8 8 8 8 8 8 8 8 8 8 8
8 8 8 8 8 8 8 8 8 8 8 8 8 8 8 8
8 8 8 8 8 8 8 8 8 8 8 8 8 8 8 8
8 8 8 8 8 8 8 8 8 8 8 8 8 8 8 8
8 8 8 8 8 8 8 8 3 3 3 3 3 3 3 3
8 8 8 8 8 8 8 8 3 3 3 3 3 3 3 3
6 6 6 6 6 6 6 6 3 3 8 8 8 8 8 8
6 6 6 6 6 6 6 6 3 3 8 8 8 8 8 8
6 6 6 6 6 6 6 6 3 3 8 8 8 8 8 8
6 6 6 6 6 6 6 6 3 3 8 8 8 8 8 8
8 8 8 8 8 8 8 8 3 3 3 3 3 3 3 3
8 8 8 8 8 8 8 8 3 3 3 3 3 3 3 3

8 8 8 8 8 8 8 8 8 8 8 8 8 8 8 8
8 8 8 8 8 8 8 8 8 8 8 8 8 8 8 8
8 8 8 8 8 8 8 8 8 8 8 8 8 8 8 8
8 8 8 8 8 8 8 8 0 0 0 0 0 8 8 8
8 8 8 8 8 0 0 0 8 8 8 8 8 8 8 8
8 8 8 8 0 0 8 8 8 8 8 8 8 8 8 8
8 8 8 8 0 8 8 8 8 8 8 8 8 8 8 8
8 8 8 8 0 8 8 8 8 8 8 8 8 8 8 8
8 8 8 8 0 8 8 8 8 8 8 8 8 8 8 8
8 8 8 8 0 0 8 8 8 8 8 8 8 8 8 8
8 8 8 8 8 8 0 8 8 8 8 8 8 8 8 8
8 8 8 8 8 8 8 0 0 0 8 8 8 8 8 8
8 8 8 8 8 8 8 8 8 8 0 8 8 8 8 8
8 8 8 8 8 8 8 8 8 8 8 0 0 0 8 8
8 8 8 8 8 8 8 8 8 8 8 8 8 0 0 0
8 8 8 8 8 8 8 8 8 8 8 8 8 8 8 8

8 8 8 8 8 8 8 8 8 8 8 8 8 8 8 8
8 8 8 8 8 8 8 8 8 8 8 8 8 8 8 8
8 8 8 8 8 8 8 8 8 8 8 8 8 8 8 8
8 8 8 0 8 8 8 8 8 8 8 8 8 8 8 8
8 8 8 0 8 8 8 8 8 8 8 8 8 8 8 8
8 8 8 8 0 8 8 8 8 8 8 8 8 8 8 8
8 8 8 8 0 8 8 8 8 8 8 8 8 8 8 8
8 8 8 8 0 8 8 8 8 8 8 8 8 8 8 8
8 8 8 8 8 0 8 8 8 8 8 8 8 8 8 8
8 8 8 8 8 0 8 8 8 8 8 8 8 8 8 8
8 8 8 8 8 0 0 8 8 8 8 8 8 8 8 8
8 8 8 8 8 8 0 8 8 8 8 8 8 8 8 8
8 8 8 8 8 8 8 0 0 8 8 8 8 8 8 8
8 8 8 8 8 8 8 8 8 8 8 8 8 8 8 8
0 8 8 8 8 8 8 8 8 8 8 8 8 8 8 8
8 8 8 8 8 8 8 8 8 8 8 8 8 8 8 8

8 8 8 8 8 8 8 8 8 8 8 8 8 8 8 8
8 8 8 8 8 8 8 8 8 8 8 8 8 8 8 8
8 8 8 8 8 8 8 8 8 8 8 8 8 8 8 8
8 8 8 8 8 8 8 8 8 8 8 8 8 8 8 8
8 8 8 8 8 8 8 8 8 8 8 8 8 8 8 8
8 8 8 8 0 0 0 0 0 8 8 8 8 8 8 8
8 8 8 8 0 8 8 8 0 0 8 8 8 8 8 8
8 8 8 8 0 8 8 8 8 8 0 8 8 8 8 8
8 8 8 8 0 8 8 8 8 8 0 8 8 8 8 8
8 8 8 8 0 0 0 0 0 0 0 8 8 8 8 8
8 8 8 8 0 8 8 8 8 8 8 8 8 8 8 8
8 8 8 8 0 8 8 8 8 8 8 8 8 8 8 8
8 8 8 8 0 0 8 8 8 8 8 8 8 8 8 8
8 8 8 8 8 0 0 0 0 0 0 8 8 8 8 8
8 8 8 8 8 8 8 8 8 8 8 8 8 8 8 8
8 8 8 8 8 8 8 8 8 8 8 8 8 8 8 8

8 8 8 8 8 8 8 8 8 8 8 8 8 8 8 8
8 8 8 8 8 8 8 8 8 8 8 8 8 8 8 8
8 8 8 8 8 8 8 8 8 8 8 8 8 8 8 8
8 8 8 8 8 8 8 8 8 8 8 8 8 8 8 8
8 8 8 8 8 8 8 8 8 8 8 8 8 8 8 8
8 8 8 8 8 8 8 8 8 8 8 8 8 8 8 8
8 8 8 8 8 8 8 8 8 8 8 8 8 8 8 8
8 8 8 8 8 8 8 8 8 8 8 8 8 8 8 8
8 8 8 8 8 8 8 0 0 0 0 0 8 8 8 8
8 8 8 8 8 8 8 8 0 8 8 8 0 0 8 8
8 8 8 8 8 8 8 8 8 8 8 8 8 8 0 8
8 8 8 8 8 8 8 0 0 0 0 0 0 0 0 8
8 8 8 8 8 8 8 0 0 0 0 0 0 0 0 8
8 8 8 8 8 8 8 8 8 8 8 8 8 8 8 8
8 8 8 8 8 8 8 8 8 8 8 8 8 8 8 8
8 8 8 8 8 8 8 8 8 8 8 8 8 8 8 8

8 8 8 8 8 8 8 8 8 8 8 8 8 8 8 8
8 8 8 8 8 8 8 8 8 8 8 8 8 8 8 8
8 8 8 8 8 8 8 8 8 8 8 8 8 8 8 8
8 8 8 8 8 8 8 8 8 8 8 8 8 8 8 8
8 8 8 8 8 8 8 8 8 8 8 8 8 8 8 8
8 8 8 8 8 8 8 8 8 8 8 8 8 8 8 8
8 8 8 8 8 8 8 8 8 8 8 8 8 8 8 8
8 8 8 8 8 8 8 8 8 8 8 8 8 8 8 8
8 8 8 8 0 8 8 8 8 8 8 8 8 8 8 8
8 8 8 8 0 8 8 8 8 8 0 0 0 0 0 0
8 8 8 8 0 8 8 8 0 0 8 8 8 8 8 8
8 8 8 8 8 0 8 8 0 8 8 8 8 8 8 8
8 8 8 8 8 0 0 0 8 8 8 8 8 8 8 8
8 8 8 8 8 0 0 8 8 8 8 8 8 8 8 8
8 8 8 8 8 0 0 8 8 8 8 8 8 8 8 8
8 8 8 8 8 0 0 8 8 8 8 8 8 8 8 8

8 8 8 8 8 8 8 8 8 8 8 8 8 8 8 8
8 8 8 8 8 8 8 8 8 8 8 8 8 8 8 8
8 8 8 8 0 8 8 8 8 0 0 0 8 8 8 8
8 8 8 8 0 0 8 8 8 0 8 0 8 8 8 8
8 8 8 0 8 0 8 8 0 0 8 8 0 8 8 8
8 8 0 0 8 0 0 8 0 8 8 8 0 8 8 8
8 8 0 8 8 8 0 0 0 8 8 8 0 8 8 8
8 8 0 8 8 8 8 0 8 8 8 8 0 8 8 8
8 8 0 8 8 8 8 8 8 8 8 8 0 8 8 8
8 8 0 8 8 8 8 8 8 8 8 8 0 8 8 8
8 8 0 8 8 8 8 8 8 8 8 8 0 8 8 8
8 8 0 8 8 8 8 8 8 8 8 8 0 8 8 8
8 8 0 0 8 8 8 8 8 8 0 0 8 8 8 8
8 8 8 0 0 0 0 0 0 0 0 8 8 8 8 8
8 8 8 8 8 8 8 8 8 8 8 8 8 8 8 8
8 8 8 8 8 8 8 8 8 8 8 8 8 8 8 8

8 8 8 8 8 8 8 8 8 8 8 8 8 8 8 8
8 8 8 8 8 8 8 8 8 8 8 8 8 8 8 8
8 8 8 8 8 8 8 8 8 8 8 8 8 8 8 8
8 8 8 8 8 8 8 8 8 8 8 8 8 8 8 8
8 8 8 0 8 8 8 8 8 8 8 8 8 8 8 8
8 8 8 0 8 8 8 8 8 8 8 8 8 8 8 8
8 8 8 8 0 0 8 8 8 8 0 0 0 0 8 8
8 8 8 0 8 0 0 0 0 0 8 8 8 0 8 8
8 8 8 0 8 8 8 0 0 8 8 8 8 0 8 8
8 8 8 0 8 8 8 8 0 8 8 8 8 0 8 8
8 8 8 8 0 8 8 8 8 8 8 8 0 0 8 8
8 8 8 8 0 0 0 0 0 0 0 0 0 8 8 8
8 8 8 8 8 8 8 8 8 8 8 8 8 8 8 8
8 8 8 8 8 8 8 8 8 8 8 8 8 8 8 8
8 8 8 8 8 8 8 8 8 8 8 8 8 8 8 8
8 8 8 8 8 8 8 8 8 8 8 8 8 8 8 8

8 8 8 8 8 8 8 8 8 8 8 8 8 8 8 8
8 8 8 8 8 8 8 8 8 8 8 8 8 8 8 8
8 8 8 8 8 8 8 8 8 8 8 8 8 8 8 8
8 8 8 8 8 8 8 8 8 8 8 8 8 8 8 8
8 8 8 8 8 8 8 8 8 8 8 8 8 8 8 8
8 8 8 8 8 8 8 8 8 8 8 8 8 8 8 8
8 8 8 8 8 8 8 8 8 8 8 8 8 8 8 8
8 8 8 8 8 8 8 8 8 8 8 8 8 8 8 8
8 8 8 0 8 8 8 8 8 8 8 8 8 8 0 0
8 8 8 0 0 0 8 8 8 8 8 8 0 0 8 0
0 8 8 8 8 0 0 0 0 0 0 0 8 8 0 8
0 0 0 0 0 0 0 0 0 0 0 0 0 0 0 8
8 8 8 8 8 8 8 8 8 8 8 8 8 8 8 8
8 8 8 8 8 8 8 8 8 8 8 8 8 8 8 8
8 8 8 8 8 8 8 8 8 8 8 8 8 8 8 8
8 8 8 8 8 8 8 8 8 8 8 8 8 8 8 8

8 8 8 8 8 8 8 8 8 8 8 8 8 8 8 8
8 8 8 8 8 8 8 8 8 8 8 8 8 8 8 8
8 8 8 8 8 8 8 8 8 8 8 8 8 8 8 8
8 8 8 8 8 8 8 8 8 8 8 8 8 8 8 8
8 8 8 8 8 8 8 8 8 8 8 8 8 8 8 8
8 8 8 8 8 8 8 8 8 8 8 8 8 8 8 8
8 8 8 8 8 8 8 8 8 8 8 8 8 8 8 8
8 8 8 8 8 8 8 8 8 8 8 8 8 8 8 8
8 8 8 8 8 8 8 0 0 8 8 8 8 8 8 8
8 8 8 8 8 0 0 8 8 0 0 8 8 8 8 8
8 8 8 8 0 0 8 8 8 8 0 0 8 8 8 8
8 8 0 0 0 8 8 8 8 8 8 0 8 8 8 8
8 8 0 0 8 8 8 8 8 8 8 0 8 8 8 8
8 8 8 8 0 0 0 0 0 0 0 8 8 8 8 8
8 8 8 8 8 8 8 8 8 8 8 8 8 8 8 8
8 8 8 8 8 8 8 8 8 8 8 8 8 8 8 8

8 8 8 8 8 8 8 8 8 8 8 8 8 8 8 8
8 8 8 8 8 8 8 8 8 8 8 8 8 8 8 8
8 8 8 8 8 8 8 8 8 8 8 8 8 8 8 8
8 8 8 8 8 8 8 8 8 8 8 8 8 8 8 8
8 8 8 8 8 8 8 8 8 8 8 8 8 8 8 8
8 8 8 8 8 8 8 8 8 8 8 8 8 8 8 8
8 8 8 8 8 8 8 8 8 8 8 8 8 8 8 8
8 8 8 8 8 8 8 8 0 8 8 8 8 8 8 8
8 8 8 8 8 8 8 8 0 8 8 8 8 8 8 8
8 8 8 8 8 8 8 0 8 0 8 8 8 8 8 8
8 8 8 8 8 8 8 0 8 0 8 8 8 8 8 8
8 8 8 8 8 8 0 8 8 0 8 8 8 8 8 8
8 8 8 8 8 8 0 8 8 0 8 8 8 8 8 8
8 8 8 8 8 8 0 8 8 0 8 8 8 8 8 8
8 8 8 8 8 8 0 0 0 0 8 8 8 8 8 8
8 8 8 8 8 8 8 8 8 8 8 8 8 8 8 8

8 8 8 8 8 8 8 8 8 8 8 8 8 8 8 8
8 8 8 8 8 8 8 8 8 8 8 8 8 8 8 8
8 8 8 8 8 8 8 8 8 8 8 8 8 8 8 8
8 8 8 8 8 8 8 8 8 8 8 8 8 8 8 8
8 8 8 8 8 8 8 8 8 8 8 8 8 8 8 8
8 8 8 8 8 8 8 8 8 8 8 8 8 8 8 8
8 8 8 8 8 8 8 8 8 8 8 8 8 8 8 8
8 8 8 8 8 8 8 0 0 8 8 8 8 8 8 8
8 8 8 8 8 8 8 8 0 8 8 8 8 8 8 8
8 8 8 8 8 8 8 8 0 8 8 8 8 8 8 8
8 8 8 8 8 8 8 8 0 8 8 8 8 8 8 8
8 8 8 8 8 8 8 8 0 8 8 8 8 8 8 8
8 8 8 8 8 8 8 8 0 8 8 8 8 8 8 8
8 8 8 8 8 8 8 8 0 8 8 8 8 8 8 8
8 8 8 8 8 8 8 8 8 8 8 8 8 8 8 8
8 8 8 8 8 8 8 8 8 8 8 8 8 8 8 8

8 8 8 8 8 8 8 8 8 8 8 8 8 8 8 8
8 8 8 8 8 8 8 8 8 8 8 8 8 8 8 8
8 8 8 8 8 8 8 8 8 8 8 8 8 8 8 8
8 8 8 8 8 8 8 8 8 8 8 8 8 8 8 8
8 8 8 8 8 8 8 8 0 8 8 8 8 8 8 8
8 8 8 8 8 0 8 8 8 8 8 8 0 8 8 8
8 8 8 8 8 8 8 8 8 8 8 8 8 8 8 8
8 8 8 8 8 8 8 8 8 8 8 8 8 8 8 8
8 8 8 0 8 8 8 8 8 8 8 8 8 0 8 8
8 8 8 8 8 8 8 8 8 8 8 8 8 8 8 8
8 8 8 8 8 0 8 8 8 8 8 8 8 8 8 8
8 8 8 8 8 8 8 8 8 8 8 0 0 8 8 8
8 8 8 8 8 8 8 8 8 8 8 8 8 8 8 8
8 8 8 8 8 8 8 8 8 0 8 8 8 8 8 8
8 8 8 8 8 8 8 8 8 8 8 8 8 8 8 8
8 8 8 8 8 8 8 8 8 8 8 8 8 8 8 8

8 8 8 8 8 8 8 8 8 8 8 8 8 8 8 8
8 8 8 8 8 8 8 8 8 8 8 8 8 8 8 8
8 8 8 8 8 8 8 8 8 8 8 8 8 8 8 8
8 8 8 8 8 8 8 8 8 8 8 8 8 8 8 8
8 8 8 8 8 8 8 8 8 8 8 8 8 8 8 8
8 8 8 8 8 8 8 8 8 8 8 8 8 8 8 8
8 8 8 8 8 8 8 8 8 8 8 8 8 8 8 8
8 8 8 8 8 8 8 8 8 8 8 8 8 8 8 8
8 8 8 8 8 8 8 8 8 8 8 8 8 8 8 8
8 8 8 8 8 8 8 8 8 8 8 8 8 8 8 8
8 8 8 8 8 8 8 8 8 8 8 8 8 8 8 8
8 8 8 8 8 8 8 8 8 8 8 8 8 8 8 8
8 8 8 8 8 8 8 8 8 8 8 8 8 8 8 8
8 8 8 8 8 8 8 8 8 8 8 8 8 8 8 8
8 8 8 8 8 8 8 8 8 8 8 8 8 8 8 8
8 8 8 8 8 8 8 8 8 8 8 8 8 8 8 8

8 8 8 8 8 8 8 8 8 8 8 8 8 8 8 8
8 8 8 8 3 8 8 8 8 8 8 8 8 8 8 8
8 8 8 3 3 3 8 8 8 8 8 8 8 8 8 8
8 8 8 3 3 8 3 3 3 8 8 8 8 8 8 8
8 8 8 3 3 8 8 8 8 8 8 8 8 8 8 8
8 8 8 8 3 8 8 8 8 8 8 8 8 8 8 8
8 8 8 8 3 8 8 8 8 8 8 8 8 8 8 8
8 8 8 8 3 8 8 8 8 8 8 8 8 8 8 8
8 8 8 8 3 8 8 8 8 8 8 8 8 8 8 8
8 8 8 8 3 8 8 8 8 8 8 8 8 8 8 8
8 8 8 8 8 8 8 8 8 8 8 8 8 8 8 8
8 8 8 8 8 8 8 8 8 8 8 8 8 8 8 8
8 8 8 8 8 8 8 8 8 8 8 8 8 8 8 8
8 8 8 8 8 8 8 8 8 8 8 8 8 8 8 8
8 8 8 8 8 8 8 8 8 8 8 8 8 8 8 8
8 8 8 8 8 8 8 8 8 8 8 8 8 8 8 8

8 8 8 8 8 8 8 8 8 8 8 8 8 8 8 8
8 8 8 8 8 8 8 8 8 8 8 8 8 8 8 8
8 8 8 8 8 8 8 8 8 8 8 8 8 8 8 8
8 8 8 8 8 8 8 8 8 8 8 8 8 8 8 8
8 8 8 8 8 8 8 8 8 8 8 8 8 8 8 8
8 8 8 8 8 8 3 8 8 8 8 8 8 8 8 8
8 8 8 8 8 3 3 8 8 8 8 8 8 8 8 8
8 8 3 3 3 8 8 8 8 8 8 8 8 8 8 8
8 3 3 3 3 3 3 3 3 3 3 3 8 8 8 8
8 3 8 8 8 8 8 8 8 8 8 8 3 8 8 8
8 8 3 3 3 8 8 8 8 8 8 8 8 8 8 8
8 8 8 8 8 8 8 8 8 8 8 8 8 8 8 8
8 8 8 8 8 8 8 8 8 8 8 8 8 8 8 8
8 8 8 8 8 8 8 8 8 8 8 8 8 8 8 8
8 8 8 8 8 8 8 8 8 8 8 8 8 8 8 8
8 8 8 8 8 8 8 8 8 8 8 8 8 8 8 8

8 8 8 8 8 8 8 8 8 8 8 8 8 8 8 8
8 8 8 8 8 8 8 8 8 8 8 8 8 8 8 8
8 8 8 8 8 8 8 8 8 8 8 8 8 8 8 8
8 8 8 8 8 8 8 3 8 8 8 8 8 8 8 8
8 8 8 8 8 8 8 3 8 8 8 8 8 8 8 8
8 8 8 8 8 8 8 3 8 8 8 8 8 8 8 8
8 8 8 8 8 8 8 3 8 8 8 8 8 8 8 8
8 8 8 8 8 8 8 3 8 8 8 8 8 8 8 8
8 8 8 8 8 8 8 3 8 8 8 8 8 8 8 8
8 8 8 8 8 8 8 3 8 8 8 8 8 8 8 8
8 8 8 8 3 8 8 8 3 3 3 8 8 8 8 8
8 8 8 8 3 3 3 8 3 3 8 8 8 8 8 8
8 8 8 8 8 8 8 3 3 8 8 8 8 8 8 8
8 8 8 8 8 8 8 8 8 8 8 8 8 8 8 8
8 8 8 8 8 8 8 8 8 8 8 8 8 8 8 8
8 8 8 8 8 8 8 8 8 8 8 8 8 8 8 8

8 8 8 8 8 8 8 8 8 8 8 8 8 8 8 8
8 8 8 8 8 8 8 8 8 8 8 8 8 8 8 8
8 8 8 8 8 8 8 8 8 8 8 8 8 8 8 8
8 8 8 8 8 8 8 8 8 8 8 8 8 8 8 8
8 8 8 8 8 8 8 8 8 8 8 8 8 8 8 8
8 8 8 8 8 8 8 8 8 8 8 8 8 8 8 8
8 8 8 8 8 8 8 8 8 3 3 8 8 8 8 8
8 8 8 8 8 8 8 8 8 8 8 3 3 8 8 8
8 8 3 3 3 3 3 3 3 3 3 3 3 3 8 8
8 8 8 8 8 8 8 8 8 8 8 3 3 8 8 8
8 8 8 8 8 8 8 8 8 3 3 3 8 8 8 8
8 8 8 8 8 8 8 8 8 8 8 8 8 8 8 8
8 8 8 8 8 8 8 8 8 8 8 8 8 8 8 8
8 8 8 8 8 8 8 8 8 8 8 8 8 8 8 8
8 8 8 8 8 8 8 8 8 8 8 8 8 8 8 8
8 8 8 8 8 8 8 8 8 8 8 8 8 8 8 8

2 2 2 2 2 2 2 2 2 2 2 2 2 2 2 2
2 2 2 2 2 2 2 2 2 2 2 2 2 2 2 2
2 2 2 2 2 2 2 2 2 2 2 2 2 2 2 2
2 2 2 2 2 2 2 2 2 2 2 2 2 2 2 2
2 2 2 2 2 2 2 2 2 2 2 2 2 2 2 2
2 2 2 2 2 2 2 2 2 2 2 2 2 2 2 2
2 2 2 2 2 2 2 2 2 2 2 2 2 2 2 2
2 2 2 2 2 2 2 2 2 2 2 2 2 2 2 2
2 2 2 2 2 2 2 2 2 2 2 2 2 2 2 2
2 2 2 2 2 2 2 2 2 2 2 2 2 2 2 2
2 2 2 2 2 2 2 2 2 2 2 2 2 2 2 2
2 2 2 2 2 2 2 2 2 2 2 2 2 2 2 2
2 2 2 2 2 2 2 2 2 2 2 2 2 2 2 2
2 2 2 2 2 2 2 2 2 2 2 2 2 2 2 2
2 2 2 2 2 2 2 2 2 2 2 2 2 2 2 2
2 2 2 2 2 2 2 2 2 2 2 2 2 2 2 2

2 2 2 2 2 2 2 2 2 2 2 2 2 2 2 2
2 2 2 2 2 2 2 2 2 2 2 2 2 2 2 2
2 2 2 2 2 2 2 2 2 2 2 2 2 2 2 2
2 2 2 2 2 2 2 2 2 2 2 2 2 2 2 2
2 2 2 2 2 2 2 2 2 2 2 2 2 2 2 2
2 2 2 2 2 2 2 2 2 2 2 2 2 2 2 2
2 2 2 2 2 2 2 2 2 2 2 2 2 2 2 2
2 2 2 2 2 2 2 2 2 2 2 2 2 2 2 2
2 2 2 2 2 2 2 2 2 2 2 2 2 2 2 2
2 2 2 2 2 2 2 2 2 2 2 2 2 2 2 2
2 2 2 2 2 2 2 2 2 2 2 2 2 2 2 2
2 2 2 2 2 2 2 2 2 2 2 2 2 2 2 2
2 2 2 2 2 2 2 2 2 2 2 2 2 2 2 2
2 2 2 2 2 2 2 2 2 2 2 2 2 2 2 2
2 2 2 2 2 2 2 2 2 2 2 2 2 2 2 2
2 2 2 2 2 2 2 2 2 2 2 2 2 2 2 2

3 3 3 3 3 3 3 3 3 3 3 3 3 3 3 3
3 3 3 3 3 3 3 3 3 3 3 3 3 3 3 3
3 3 3 3 3 3 3 3 3 3 3 3 3 3 3 3
3 3 3 3 3 3 3 3 3 3 3 3 3 3 3 3
3 3 3 3 3 3 3 3 3 3 3 3 3 3 3 3
3 3 3 3 3 3 3 3 3 3 3 3 3 3 3 3
3 3 3 3 3 3 3 3 3 3 3 3 3 3 3 3
3 3 3 3 3 3 3 3 3 3 3 3 3 3 3 3
3 3 3 3 3 3 3 3 3 3 3 3 3 3 3 3
3 3 3 3 3 3 3 3 3 3 3 3 3 3 3 3
3 3 3 3 3 3 3 3 3 3 3 3 3 3 3 3
3 3 3 3 3 3 3 3 3 3 3 3 3 3 3 3
3 3 3 3 3 3 3 3 3 3 3 3 3 3 3 3
3 3 3 3 3 3 3 3 3 3 3 3 3 3 3 3
3 3 3 3 3 3 3 3 3 3 3 3 3 3 3 3
3 3 3 3 3 3 3 3 3 3 3 3 3 3 3 3

3 3 3 3 3 3 3 3 3 3 3 3 3 3 3 3
3 3 3 3 3 3 3 3 3 3 3 3 3 3 3 3
3 3 3 3 3 3 3 3 3 3 3 3 3 3 3 3
3 3 3 3 3 3 3 3 3 3 3 3 3 3 3 3
3 3 3 3 3 3 3 3 3 3 3 3 3 3 3 3
3 3 3 3 3 3 3 3 3 3 3 3 3 3 3 3
3 3 3 3 3 3 3 3 3 3 3 3 3 3 3 3
3 3 3 3 3 3 3 3 3 3 3 3 3 3 3 3
3 3 3 3 3 3 3 3 3 3 3 3 3 3 3 3
3 3 3 3 3 3 3 3 3 3 3 3 3 3 3 3
3 3 3 3 3 3 3 3 3 3 3 3 3 3 3 3
3 3 3 3 3 3 3 3 3 3 3 3 3 3 3 3
3 3 3 3 3 3 3 3 3 3 3 3 3 3 3 3
3 3 3 3 3 3 3 3 3 3 3 3 3 3 3 3
3 3 3 3 3 3 3 3 3 3 3 3 3 3 3 3
3 3 3 3 3 3 3 3 3 3 3 3 3 3 3 3

4 4 4 4 4 4 4 4 4 4 4 4 4 4 4 4
4 4 4 4 4 4 4 4 4 4 4 4 4 4 4 4
4 4 4 4 4 4 4 4 4 4 4 4 4 4 4 4
4 4 4 4 4 4 4 4 4 4 4 4 4 4 4 4
4 4 4 4 4 4 4 4 4 4 4 4 4 4 4 4
4 4 4 4 4 4 4 4 4 4 4 4 4 4 4 4
4 4 4 4 4 4 4 4 4 4 4 4 4 4 4 4
4 4 4 4 4 4 4 4 4 4 4 4 4 4 4 4
4 4 4 4 4 4 4 4 4 4 4 4 4 4 4 4
4 4 4 4 4 4 4 4 4 4 4 4 4 4 4 4
4 4 4 4 4 4 4 4 4 4 4 4 4 4 4 4
4 4 4 4 4 4 4 4 4 4 4 4 4 4 4 4
4 4 4 4 4 4 4 4 4 4 4 4 4 4 4 4
4 4 4 4 4 4 4 4 4 4 4 4 4 4 4 4
4 4 4 4 4 4 4 4 4 4 4 4 4 4 4 4
4 4 4 4 4 4 4 4 4 4 4 4 4 4 4 4

4 4 4 4 4 4 4 4 4 4 4 4 4 4 4 4
4 4 4 4 4 4 4 4 4 4 4 4 4 4 4 4
4 4 4 4 4 4 4 4 4 4 4 4 4 4 4 4
4 4 4 4 4 4 4 4 4 4 4 4 4 4 4 4
4 4 4 4 4 4 4 4 4 4 4 4 4 4 4 4
4 4 4 4 4 4 4 4 4 4 4 4 4 4 4 4
4 4 4 4 4 4 4 4 4 4 4 4 4 4 4 4
4 4 4 4 4 4 4 4 4 4 4 4 4 4 4 4
4 4 4 4 4 4 4 4 4 4 4 4 4 4 4 4
4 4 4 4 4 4 4 4 4 4 4 4 4 4 4 4
4 4 4 4 4 4 4 4 4 4 4 4 4 4 4 4
4 4 4 4 4 4 4 4 4 4 4 4 4 4 4 4
4 4 4 4 4 4 4 4 4 4 4 4 4 4 4 4
4 4 4 4 4 4 4 4 4 4 4 4 4 4 4 4
4 4 4 4 4 4 4 4 4 4 4 4 4 4 4 4
4 4 4 4 4 4 4 4 4 4 4 4 4 4 4 4

5 5 5 5 5 5 5 5 5 5 5 5 5 5 5 5
5 5 5 5 5 5 5 5 5 5 5 5 5 5 5 5
5 5 5 5 5 5 5 5 5 5 5 5 5 5 5 5
5 5 5 5 5 5 5 5 5 5 5 5 5 5 5 5
5 5 5 5 5 5 5 5 5 5 5 5 5 5 5 5
5 5 5 5 5 5 5 5 5 5 5 5 5 5 5 5
5 5 5 5 5 5 5 5 5 5 5 5 5 5 5 5
5 5 5 5 5 5 5 5 5 5 5 5 5 5 5 5
5 5 5 5 5 5 5 5 5 5 5 5 5 5 5 5
5 5 5 5 5 5 5 5 5 5 5 5 5 5 5 5
5 5 5 5 5 5 5 5 5 5 5 5 5 5 5 5
5 5 5 5 5 5 5 5 5 5 5 5 5 5 5 5
5 5 5 5 5 5 5 5 5 5 5 5 5 5 5 5
5 5 5 5 5 5 5 5 5 5 5 5 5 5 5 5
5 5 5 5 5 5 5 5 5 5 5 5 5 5 5 5
5 5 5 5 5 5 5 5 5 5 5 5 5 5 5 5

5 5 5 5 5 5 5 5 5 5 5 5 5 5 5 5
5 5 5 5 5 5 5 5 5 5 5 5 5 5 5 5
5 5 5 5 5 5 5 5 5 5 5 5 5 5 5 5
5 5 5 5 5 5 5 5 5 5 5 5 5 5 5 5
5 5 5 5 5 5 5 5 5 5 5 5 5 5 5 5
5 5 5 5 5 5 5 5 5 5 5 5 5 5 5 5
5 5 5 5 5 5 5 5 5 5 5 5 5 5 5 5
5 5 5 5 5 5 5 5 5 5 5 5 5 5 5 5
5 5 5 5 5 5 5 5 5 5 5 5 5 5 5 5
5 5 5 5 5 5 5 5 5 5 5 5 5 5 5 5
5 5 5 5 5 5 5 5 5 5 5 5 5 5 5 5
5 5 5 5 5 5 5 5 5 5 5 5 5 5 5 5
5 5 5 5 5 5 5 5 5 5 5 5 5 5 5 5
5 5 5 5 5 5 5 5 5 5 5 5 5 5 5 5
5 5 5 5 5 5 5 5 5 5 5 5 5 5 5 5
5 5 5 5 5 5 5 5 5 5 5 5 5 5 5 5

6 6 6 6 6 6 6 6 6 6 6 6 6 6 6 6
6 6 6 6 6 6 6 6 6 6 6 6 6 6 6 6
6 6 6 6 6 6 6 6 6 6 6 6 6 6 6 6
6 6 6 6 6 6 6 6 6 6 6 6 6 6 6 6
6 6 6 6 6 6 6 6 6 6 6 6 6 6 6 6
6 6 6 6 6 6 6 6 6 6 6 6 6 6 6 6
6 6 6 6 6 6 6 6 6 6 6 6 6 6 6 6
6 6 6 6 6 6 6 6 6 6 6 6 6 6 6 6
6 6 6 6 6 6 6 6 6 6 6 6 6 6 6 6
6 6 6 6 6 6 6 6 6 6 6 6 6 6 6 6
6 6 6 6 6 6 6 6 6 6 6 6 6 6 6 6
6 6 6 6 6 6 6 6 6 6 6 6 6 6 6 6
6 6 6 6 6 6 6 6 6 6 6 6 6 6 6 6
6 6 6 6 6 6 6 6 6 6 6 6 6 6 6 6
6 6 6 6 6 6 6 6 6 6 6 6 6 6 6 6
6 6 6 6 6 6 6 6 6 6 6 6 6 6 6 6

6 6 6 6 6 6 6 6 6 6 6 6 6 6 6 6
6 6 6 6 6 6 6 6 6 6 6 6 6 6 6 6
6 6 6 6 6 6 6 6 6 6 6 6 6 6 6 6
6 6 6 6 6 6 6 6 6 6 6 6 6 6 6 6
6 6 6 6 6 6 6 6 6 6 6 6 6 6 6 6
6 6 6 6 6 6 6 6 6 6 6 6 6 6 6 6
6 6 6 6 6 6 6 6 6 6 6 6 6 6 6 6
6 6 6 6 6 6 6 6 6 6 6 6 6 6 6 6
6 6 6 6 6 6 6 6 6 6 6 6 6 6 6 6
6 6 6 6 6 6 6 6 6 6 6 6 6 6 6 6
6 6 6 6 6 6 6 6 6 6 6 6 6 6 6 6
6 6 6 6 6 6 6 6 6 6 6 6 6 6 6 6
6 6 6 6 6 6 6 6 6 6 6 6 6 6 6 6
6 6 6 6 6 6 6 6 6 6 6 6 6 6 6 6
6 6 6 6 6 6 6 6 6 6 6 6 6 6 6 6
6 6 6 6 6 6 6 6 6 6 6 6 6 6 6 6

7 7 7 7 7 7 7 7 7 7 7 7 7 7 7 7
7 7 7 7 7 7 7 7 7 7 7 7 7 7 7 7
7 7 7 7 7 7 7 7 7 7 7 7 7 7 7 7
7 7 7 7 7 7 7 7 7 7 7 7 7 7 7 7
7 7 7 7 7 7 7 7 7 7 7 7 7 7 7 7
7 7 7 7 7 7 7 7 7 7 7 7 7 7 7 7
7 7 7 7 7 7 7 7 7 7 7 7 7 7 7 7
7 7 7 7 7 7 7 7 7 7 7 7 7 7 7 7
7 7 7 7 7 7 7 7 7 7 7 7 7 7 7 7
7 7 7 7 7 7 7 7 7 7 7 7 7 7 7 7
7 7 7 7 7 7 7 7 7 7 7 7 7 7 7 7
7 7 7 7 7 7 7 7 7 7 7 7 7 7 7 7
7 7 7 7 7 7 7 7 7 7 7 7 7 7 7 7
7 7 7 7 7 7 7 7 7 7 7 7 7 7 7 7
7 7 7 7 7 7 7 7 7 7 7 7 7 7 7 7
7 7 7 7 7 7 7 7 7 7 7 7 7 7 7 7

7 7 7 7 7 7 7 7 7 7 7 7 7 7 7 7
7 7 7 7 7 7 7 7 7 7 7 7 7 7 7 7
7 7 7 7 7 7 7 7 7 7 7 7 7 7 7 7
7 7 7 7 7 7 7 7 7 7 7 7 7 7 7 7
7 7 7 7 7 7 7 7 7 7 7 7 7 7 7 7
7 7 7 7 7 7 7 7 7 7 7 7 7 7 7 7
7 7 7 7 7 7 7 7 7 7 7 7 7 7 7 7
7 7 7 7 7 7 7 7 7 7 7 7 7 7 7 7
7 7 7 7 7 7 7 7 7 7 7 7 7 7 7 7
7 7 7 7 7 7 7 7 7 7 7 7 7 7 7 7
7 7 7 7 7 7 7 7 7 7 7 7 7 7 7 7
7 7 7 7 7 7 7 7 7 7 7 7 7 7 7 7
7 7 7 7 7 7 7 7 7 7 7 7 7 7 7 7
7 7 7 7 7 7 7 7 7 7 7 7 7 7 7 7
7 7 7 7 7 7 7 7 7 7 7 7 7 7 7 7
7 7 7 7 7 7 7 7 7 7 7 7 7 7 7 7

